<?xml version="1.0" encoding="UTF-8"?>
<testsuite name="com.co.developer.parqueaderoREST.ParqueaderoRestApplicationTests" tests="1" skipped="0" failures="0" errors="0" timestamp="2017-10-08T04:06:07" hostname="linux-vnf4.site" time="0.088">
  <properties/>
  <testcase name="contextLoads" classname="com.co.developer.parqueaderoREST.ParqueaderoRestApplicationTests" time="0.088"/>
  <system-out><![CDATA[23:05:54.708 [Test worker] DEBUG org.springframework.test.context.junit4.SpringJUnit4ClassRunner - SpringJUnit4ClassRunner constructor called with [class com.co.developer.parqueaderoREST.ParqueaderoRestApplicationTests]
23:05:54.719 [Test worker] DEBUG org.springframework.test.context.BootstrapUtils - Instantiating CacheAwareContextLoaderDelegate from class [org.springframework.test.context.cache.DefaultCacheAwareContextLoaderDelegate]
23:05:54.737 [Test worker] DEBUG org.springframework.test.context.BootstrapUtils - Instantiating BootstrapContext using constructor [public org.springframework.test.context.support.DefaultBootstrapContext(java.lang.Class,org.springframework.test.context.CacheAwareContextLoaderDelegate)]
23:05:54.773 [Test worker] DEBUG org.springframework.test.context.BootstrapUtils - Instantiating TestContextBootstrapper for test class [com.co.developer.parqueaderoREST.ParqueaderoRestApplicationTests] from class [org.springframework.boot.test.context.SpringBootTestContextBootstrapper]
23:05:54.797 [Test worker] INFO org.springframework.boot.test.context.SpringBootTestContextBootstrapper - Neither @ContextConfiguration nor @ContextHierarchy found for test class [com.co.developer.parqueaderoREST.ParqueaderoRestApplicationTests], using SpringBootContextLoader
23:05:54.807 [Test worker] DEBUG org.springframework.test.context.support.AbstractContextLoader - Did not detect default resource location for test class [com.co.developer.parqueaderoREST.ParqueaderoRestApplicationTests]: class path resource [com/co/developer/parqueaderoREST/ParqueaderoRestApplicationTests-context.xml] does not exist
23:05:54.807 [Test worker] DEBUG org.springframework.test.context.support.AbstractContextLoader - Did not detect default resource location for test class [com.co.developer.parqueaderoREST.ParqueaderoRestApplicationTests]: class path resource [com/co/developer/parqueaderoREST/ParqueaderoRestApplicationTestsContext.groovy] does not exist
23:05:54.808 [Test worker] INFO org.springframework.test.context.support.AbstractContextLoader - Could not detect default resource locations for test class [com.co.developer.parqueaderoREST.ParqueaderoRestApplicationTests]: no resource found for suffixes {-context.xml, Context.groovy}.
23:05:54.810 [Test worker] INFO org.springframework.test.context.support.AnnotationConfigContextLoaderUtils - Could not detect default configuration classes for test class [com.co.developer.parqueaderoREST.ParqueaderoRestApplicationTests]: ParqueaderoRestApplicationTests does not declare any static, non-private, non-final, nested classes annotated with @Configuration.
23:05:54.908 [Test worker] DEBUG org.springframework.test.context.support.ActiveProfilesUtils - Could not find an 'annotation declaring class' for annotation type [org.springframework.test.context.ActiveProfiles] and class [com.co.developer.parqueaderoREST.ParqueaderoRestApplicationTests]
23:05:54.935 [Test worker] DEBUG org.springframework.core.env.StandardEnvironment - Adding PropertySource 'systemProperties' with lowest search precedence
23:05:54.936 [Test worker] DEBUG org.springframework.core.env.StandardEnvironment - Adding PropertySource 'systemEnvironment' with lowest search precedence
23:05:54.939 [Test worker] DEBUG org.springframework.core.env.StandardEnvironment - Initialized StandardEnvironment with PropertySources [MapPropertySource@1194327151 {name='systemProperties', properties={java.runtime.name=Java(TM) SE Runtime Environment, sun.boot.library.path=/usr/java/jdk1.8.0_131/jre/lib/amd64, java.vm.version=25.131-b11, java.vm.vendor=Oracle Corporation, java.vendor.url=http://java.oracle.com/, path.separator=:, java.vm.name=Java HotSpot(TM) 64-Bit Server VM, file.encoding.pkg=sun.io, sun.java.launcher=SUN_STANDARD, user.country=ES, sun.os.patch.level=unknown, java.vm.specification.name=Java Virtual Machine Specification, user.dir=/home/pablo/DESARROLLO/aplicaciones_java/workspace/parqueaderoRESTAngular2/backEnd/parqueaderoREST, java.runtime.version=1.8.0_131-b11, java.awt.graphicsenv=sun.awt.X11GraphicsEnvironment, java.endorsed.dirs=/usr/java/jdk1.8.0_131/jre/lib/endorsed, os.arch=amd64, java.io.tmpdir=/tmp, line.separator=
, java.vm.specification.vendor=Oracle Corporation, user.variant=, os.name=Linux, sun.jnu.encoding=UTF-8, java.library.path=/usr/java/packages/lib/amd64:/usr/lib64:/lib64:/lib:/usr/lib, java.specification.name=Java Platform API Specification, java.class.version=52.0, sun.management.compiler=HotSpot 64-Bit Tiered Compilers, os.version=3.16.7-35-desktop, user.home=/home/pablo, user.timezone=America/Bogota, java.awt.printerjob=sun.print.PSPrinterJob, file.encoding=UTF-8, java.specification.version=1.8, java.class.path=/home/pablo/DESARROLLO/aplicaciones_java/workspace/parqueaderoRESTAngular2/backEnd/parqueaderoREST/build/classes/test:/home/pablo/DESARROLLO/aplicaciones_java/workspace/parqueaderoRESTAngular2/backEnd/parqueaderoREST/build/resources/test:/home/pablo/DESARROLLO/aplicaciones_java/workspace/parqueaderoRESTAngular2/backEnd/parqueaderoREST/build/classes/main:/home/pablo/DESARROLLO/aplicaciones_java/workspace/parqueaderoRESTAngular2/backEnd/parqueaderoREST/build/resources/main:/home/pablo/.gradle/caches/modules-2/files-2.1/org.springframework.boot/spring-boot-starter-data-jpa/1.5.7.RELEASE/ccdf14487724b7c1343e5d2605f7170c026e405/spring-boot-starter-data-jpa-1.5.7.RELEASE.jar:/home/pablo/.gradle/caches/modules-2/files-2.1/org.springframework.boot/spring-boot-starter-web/1.5.7.RELEASE/a862305be8b7512a41f6768d825ed37251ccbbe0/spring-boot-starter-web-1.5.7.RELEASE.jar:/home/pablo/.gradle/caches/modules-2/files-2.1/mysql/mysql-connector-java/5.1.44/61b6b998192c85bb581c6be90e03dcd4b9079db4/mysql-connector-java-5.1.44.jar:/home/pablo/.gradle/caches/modules-2/files-2.1/org.springframework.boot/spring-boot-starter-test/1.5.7.RELEASE/d23f37a72c2d4e46aba66bc69a649213f9cadeee/spring-boot-starter-test-1.5.7.RELEASE.jar:/home/pablo/.gradle/caches/modules-2/files-2.1/org.springframework.boot/spring-boot-starter/1.5.7.RELEASE/b42fe6962dd8b3be4ac8c1d7134d0ca2d0a35c7e/spring-boot-starter-1.5.7.RELEASE.jar:/home/pablo/.gradle/caches/modules-2/files-2.1/org.springframework.boot/spring-boot-starter-aop/1.5.7.RELEASE/189098a72ccc0cca07ea42d6715c10524b5a93d1/spring-boot-starter-aop-1.5.7.RELEASE.jar:/home/pablo/.gradle/caches/modules-2/files-2.1/org.springframework.boot/spring-boot-starter-jdbc/1.5.7.RELEASE/98c652a5461ccbec70b55fd0f7815d9c9a37a082/spring-boot-starter-jdbc-1.5.7.RELEASE.jar:/home/pablo/.gradle/caches/modules-2/files-2.1/org.hibernate/hibernate-core/5.0.12.Final/e58bf1c660e6706d8e2cbb53bae110f574366102/hibernate-core-5.0.12.Final.jar:/home/pablo/.gradle/caches/modules-2/files-2.1/org.hibernate/hibernate-entitymanager/5.0.12.Final/302a526f5058290e9cbd719a5caf9f248d344719/hibernate-entitymanager-5.0.12.Final.jar:/home/pablo/.gradle/caches/modules-2/files-2.1/javax.transaction/javax.transaction-api/1.2/d81aff979d603edd90dcd8db2abc1f4ce6479e3e/javax.transaction-api-1.2.jar:/home/pablo/.gradle/caches/modules-2/files-2.1/org.springframework.data/spring-data-jpa/1.11.7.RELEASE/587051cc7d7a3ddfac6098d623a658abb2f15865/spring-data-jpa-1.11.7.RELEASE.jar:/home/pablo/.gradle/caches/modules-2/files-2.1/org.springframework/spring-aspects/4.3.11.RELEASE/38ab744d37aef58762a03dbe7ab1479070ebadc6/spring-aspects-4.3.11.RELEASE.jar:/home/pablo/.gradle/caches/modules-2/files-2.1/org.springframework.boot/spring-boot-starter-tomcat/1.5.7.RELEASE/eae533e2a0111a51d812912acb3d3e2368736d1b/spring-boot-starter-tomcat-1.5.7.RELEASE.jar:/home/pablo/.gradle/caches/modules-2/files-2.1/org.hibernate/hibernate-validator/5.3.5.Final/622a9bcef2eed6d41b5b8e0662c36212009e375/hibernate-validator-5.3.5.Final.jar:/home/pablo/.gradle/caches/modules-2/files-2.1/com.fasterxml.jackson.core/jackson-databind/2.8.10/f7b83cb2bc4b88d53961e749e1ad32f49ef017b7/jackson-databind-2.8.10.jar:/home/pablo/.gradle/caches/modules-2/files-2.1/org.springframework/spring-web/4.3.11.RELEASE/50a3dfce550bdf9459dfb2c6282aa104b040258e/spring-web-4.3.11.RELEASE.jar:/home/pablo/.gradle/caches/modules-2/files-2.1/org.springframework/spring-webmvc/4.3.11.RELEASE/814f91ec4dc324e724bbe7cbc5045b234604c539/spring-webmvc-4.3.11.RELEASE.jar:/home/pablo/.gradle/caches/modules-2/files-2.1/org.springframework.boot/spring-boot-test/1.5.7.RELEASE/b8d77445d48f4320f404d8f13f4e5cb95bc36b30/spring-boot-test-1.5.7.RELEASE.jar:/home/pablo/.gradle/caches/modules-2/files-2.1/org.springframework.boot/spring-boot-test-autoconfigure/1.5.7.RELEASE/8bead16b97c9f1b5fe7c47f3e030dd9351a6974d/spring-boot-test-autoconfigure-1.5.7.RELEASE.jar:/home/pablo/.gradle/caches/modules-2/files-2.1/com.jayway.jsonpath/json-path/2.2.0/22290d17944bd239fabf5ac69005a60a7ecbbbcb/json-path-2.2.0.jar:/home/pablo/.gradle/caches/modules-2/files-2.1/junit/junit/4.12/2973d150c0dc1fefe998f834810d68f278ea58ec/junit-4.12.jar:/home/pablo/.gradle/caches/modules-2/files-2.1/org.assertj/assertj-core/2.6.0/b532c3fc4f66bcfee4989a3514f1cd56203a33ad/assertj-core-2.6.0.jar:/home/pablo/.gradle/caches/modules-2/files-2.1/org.mockito/mockito-core/1.10.19/e8546f5bef4e061d8dd73895b4e8f40e3fe6effe/mockito-core-1.10.19.jar:/home/pablo/.gradle/caches/modules-2/files-2.1/org.hamcrest/hamcrest-core/1.3/42a25dc3219429f0e5d060061f71acb49bf010a0/hamcrest-core-1.3.jar:/home/pablo/.gradle/caches/modules-2/files-2.1/org.hamcrest/hamcrest-library/1.3/4785a3c21320980282f9f33d0d1264a69040538f/hamcrest-library-1.3.jar:/home/pablo/.gradle/caches/modules-2/files-2.1/org.skyscreamer/jsonassert/1.4.0/9cdbb373a06f6513e51e8c545ee6a5e981463edb/jsonassert-1.4.0.jar:/home/pablo/.gradle/caches/modules-2/files-2.1/org.springframework/spring-core/4.3.11.RELEASE/eb30ed093f628279d3aead068fd478fa343f1dad/spring-core-4.3.11.RELEASE.jar:/home/pablo/.gradle/caches/modules-2/files-2.1/org.springframework/spring-test/4.3.11.RELEASE/cf765b5d6d6bdc38c67522ecae3fe9549da43e1/spring-test-4.3.11.RELEASE.jar:/home/pablo/.gradle/caches/modules-2/files-2.1/org.springframework.boot/spring-boot/1.5.7.RELEASE/1006870df7b3dc203df7ce84463c5dd7049fdaa4/spring-boot-1.5.7.RELEASE.jar:/home/pablo/.gradle/caches/modules-2/files-2.1/org.springframework.boot/spring-boot-autoconfigure/1.5.7.RELEASE/e83f1407ff991e9e7eb156f49fa19d868bb73289/spring-boot-autoconfigure-1.5.7.RELEASE.jar:/home/pablo/.gradle/caches/modules-2/files-2.1/org.springframework.boot/spring-boot-starter-logging/1.5.7.RELEASE/c84c4ea09d7f789a0d5e936a961471e5dbd9295e/spring-boot-starter-logging-1.5.7.RELEASE.jar:/home/pablo/.gradle/caches/modules-2/files-2.1/org.yaml/snakeyaml/1.17/7a27ea250c5130b2922b86dea63cbb1cc10a660c/snakeyaml-1.17.jar:/home/pablo/.gradle/caches/modules-2/files-2.1/org.springframework/spring-aop/4.3.11.RELEASE/461d0bb58f1de30203d9331adf4b51de9554de5a/spring-aop-4.3.11.RELEASE.jar:/home/pablo/.gradle/caches/modules-2/files-2.1/org.aspectj/aspectjweaver/1.8.10/e198c5fee28988c355f74e06461614eae36b2032/aspectjweaver-1.8.10.jar:/home/pablo/.gradle/caches/modules-2/files-2.1/org.apache.tomcat/tomcat-jdbc/8.5.20/10d0d288d837ddfc92096920e4571054a3934160/tomcat-jdbc-8.5.20.jar:/home/pablo/.gradle/caches/modules-2/files-2.1/org.springframework/spring-jdbc/4.3.11.RELEASE/642ed7497d327f299caccb930af6b65e229864c4/spring-jdbc-4.3.11.RELEASE.jar:/home/pablo/.gradle/caches/modules-2/files-2.1/org.jboss.logging/jboss-logging/3.3.1.Final/c46217ab74b532568c0ed31dc599db3048bd1b67/jboss-logging-3.3.1.Final.jar:/home/pablo/.gradle/caches/modules-2/files-2.1/org.hibernate.javax.persistence/hibernate-jpa-2.1-api/1.0.0.Final/5e731d961297e5a07290bfaf3db1fbc8bbbf405a/hibernate-jpa-2.1-api-1.0.0.Final.jar:/home/pablo/.gradle/caches/modules-2/files-2.1/org.javassist/javassist/3.21.0-GA/598244f595db5c5fb713731eddbb1c91a58d959b/javassist-3.21.0-GA.jar:/home/pablo/.gradle/caches/modules-2/files-2.1/antlr/antlr/2.7.7/83cd2cd674a217ade95a4bb83a8a14f351f48bd0/antlr-2.7.7.jar:/home/pablo/.gradle/caches/modules-2/files-2.1/org.jboss/jandex/2.0.0.Final/3e899258936f94649c777193e1be846387ed54b3/jandex-2.0.0.Final.jar:/home/pablo/.gradle/caches/modules-2/files-2.1/dom4j/dom4j/1.6.1/5d3ccc056b6f056dbf0dddfdf43894b9065a8f94/dom4j-1.6.1.jar:/home/pablo/.gradle/caches/modules-2/files-2.1/org.hibernate.common/hibernate-commons-annotations/5.0.1.Final/71e1cff3fcb20d3b3af4f3363c3ddb24d33c6879/hibernate-commons-annotations-5.0.1.Final.jar:/home/pablo/.gradle/caches/modules-2/files-2.1/org.springframework.data/spring-data-commons/1.13.7.RELEASE/cf4538abda1f0a9cf2323d6e4204df0130aeec73/spring-data-commons-1.13.7.RELEASE.jar:/home/pablo/.gradle/caches/modules-2/files-2.1/org.springframework/spring-orm/4.3.11.RELEASE/7ba1b25ad62b29295aa90ae88f9f35e84861953c/spring-orm-4.3.11.RELEASE.jar:/home/pablo/.gradle/caches/modules-2/files-2.1/org.springframework/spring-context/4.3.11.RELEASE/3efec2d7c7469d49108a2b21c3f15831f7297569/spring-context-4.3.11.RELEASE.jar:/home/pablo/.gradle/caches/modules-2/files-2.1/org.springframework/spring-tx/4.3.11.RELEASE/c931ee363d2269f03edfeb83d7d7fe23924ab8a1/spring-tx-4.3.11.RELEASE.jar:/home/pablo/.gradle/caches/modules-2/files-2.1/org.springframework/spring-beans/4.3.11.RELEASE/591cc35fd39292adae13f01aa13e978d0bb11936/spring-beans-4.3.11.RELEASE.jar:/home/pablo/.gradle/caches/modules-2/files-2.1/org.slf4j/slf4j-api/1.7.25/da76ca59f6a57ee3102f8f9bd9cee742973efa8a/slf4j-api-1.7.25.jar:/home/pablo/.gradle/caches/modules-2/files-2.1/org.slf4j/jcl-over-slf4j/1.7.25/f8c32b13ff142a513eeb5b6330b1588dcb2c0461/jcl-over-slf4j-1.7.25.jar:/home/pablo/.gradle/caches/modules-2/files-2.1/org.apache.tomcat.embed/tomcat-embed-core/8.5.20/b9026ee20f1f6a2b0fc3e51dd806d800901448b0/tomcat-embed-core-8.5.20.jar:/home/pablo/.gradle/caches/modules-2/files-2.1/org.apache.tomcat.embed/tomcat-embed-el/8.5.20/42960f481a8a80f4ffd3b865c2232820e3565bf1/tomcat-embed-el-8.5.20.jar:/home/pablo/.gradle/caches/modules-2/files-2.1/org.apache.tomcat.embed/tomcat-embed-websocket/8.5.20/4df9055507926a2651f691cc9964c50493a0ab29/tomcat-embed-websocket-8.5.20.jar:/home/pablo/.gradle/caches/modules-2/files-2.1/javax.validation/validation-api/1.1.0.Final/8613ae82954779d518631e05daa73a6a954817d5/validation-api-1.1.0.Final.jar:/home/pablo/.gradle/caches/modules-2/files-2.1/com.fasterxml/classmate/1.3.4/3d5f48f10bbe4eb7bd862f10c0583be2e0053c6/classmate-1.3.4.jar:/home/pablo/.gradle/caches/modules-2/files-2.1/com.fasterxml.jackson.core/jackson-annotations/2.8.0/45b426f7796b741035581a176744d91090e2e6fb/jackson-annotations-2.8.0.jar:/home/pablo/.gradle/caches/modules-2/files-2.1/com.fasterxml.jackson.core/jackson-core/2.8.10/eb21a035c66ad307e66ec8fce37f5d50fd62d039/jackson-core-2.8.10.jar:/home/pablo/.gradle/caches/modules-2/files-2.1/org.springframework/spring-expression/4.3.11.RELEASE/fca662a2fccdad90ec22b2aaecb021047dcbe249/spring-expression-4.3.11.RELEASE.jar:/home/pablo/.gradle/caches/modules-2/files-2.1/net.minidev/json-smart/2.2.1/5b9e5df7a62d1279b70dc882b041d249c4f0b002/json-smart-2.2.1.jar:/home/pablo/.gradle/caches/modules-2/files-2.1/org.objenesis/objenesis/2.1/87c0ea803b69252868d09308b4618f766f135a96/objenesis-2.1.jar:/home/pablo/.gradle/caches/modules-2/files-2.1/com.vaadin.external.google/android-json/0.0.20131108.vaadin1/fa26d351fe62a6a17f5cda1287c1c6110dec413f/android-json-0.0.20131108.vaadin1.jar:/home/pablo/.gradle/caches/modules-2/files-2.1/ch.qos.logback/logback-classic/1.1.11/ccedfbacef4a6515d2983e3f89ed753d5d4fb665/logback-classic-1.1.11.jar:/home/pablo/.gradle/caches/modules-2/files-2.1/org.slf4j/jul-to-slf4j/1.7.25/af5364cd6679bfffb114f0dec8a157aaa283b76/jul-to-slf4j-1.7.25.jar:/home/pablo/.gradle/caches/modules-2/files-2.1/org.slf4j/log4j-over-slf4j/1.7.25/a87bb47468f47ee7aabbd54f93e133d4215769c3/log4j-over-slf4j-1.7.25.jar:/home/pablo/.gradle/caches/modules-2/files-2.1/org.apache.tomcat/tomcat-juli/8.5.20/6c0579d329696059f377585d2a51455bf083d9ee/tomcat-juli-8.5.20.jar:/home/pablo/.gradle/caches/modules-2/files-2.1/net.minidev/accessors-smart/1.1/a527213f2fea112a04c9bdf0ec0264e34104cd08/accessors-smart-1.1.jar:/home/pablo/.gradle/caches/modules-2/files-2.1/ch.qos.logback/logback-core/1.1.11/88b8df40340eed549fb07e2613879bf6b006704d/logback-core-1.1.11.jar:/home/pablo/.gradle/caches/modules-2/files-2.1/org.ow2.asm/asm/5.0.3/dcc2193db20e19e1feca8b1240dbbc4e190824fa/asm-5.0.3.jar, user.name=pablo, java.vm.specification.version=1.8, sun.java.command=worker.org.gradle.process.internal.worker.GradleWorkerMain 'Gradle Test Executor 1', java.home=/usr/java/jdk1.8.0_131/jre, sun.arch.data.model=64, user.language=es, java.specification.vendor=Oracle Corporation, awt.toolkit=sun.awt.X11.XToolkit, java.vm.info=mixed mode, java.version=1.8.0_131, java.ext.dirs=/usr/java/jdk1.8.0_131/jre/lib/ext:/usr/java/packages/lib/ext, sun.boot.class.path=/usr/java/jdk1.8.0_131/jre/lib/resources.jar:/usr/java/jdk1.8.0_131/jre/lib/rt.jar:/usr/java/jdk1.8.0_131/jre/lib/sunrsasign.jar:/usr/java/jdk1.8.0_131/jre/lib/jsse.jar:/usr/java/jdk1.8.0_131/jre/lib/jce.jar:/usr/java/jdk1.8.0_131/jre/lib/charsets.jar:/usr/java/jdk1.8.0_131/jre/lib/jfr.jar:/usr/java/jdk1.8.0_131/jre/classes, java.vendor=Oracle Corporation, org.gradle.test.worker=1, file.separator=/, java.vendor.url.bug=http://bugreport.sun.com/bugreport/, sun.io.unicode.encoding=UnicodeLittle, sun.cpu.endian=little, sun.cpu.isalist=}}, SystemEnvironmentPropertySource@1352443764 {name='systemEnvironment', properties={PATH=/home/pablo/bin:/usr/local/bin:/usr/bin:/bin:/usr/bin/X11:/usr/games, XMODIFIERS=@im=local, WINDOWMANAGER=/usr/bin/startkde, CONFIG_SITE=/usr/share/site/x86_64-unknown-linux-gnu, INPUTRC=/home/pablo/.inputrc, DBUS_SESSION_BUS_ADDRESS=unix:abstract=/tmp/dbus-RX1mqF8Fus,guid=91027c5b071a4ee64ea5541459d99cb2, MACHTYPE=x86_64-suse-linux, JRE_HOME=/usr/lib64/jvm/jre, SSH_AGENT_PID=1514, QT_SYSTEM_DIR=/usr/share/desktop-data, USE_FAM=, COLORTERM=1, XAUTHLOCALHOSTNAME=linux-vnf4.site, CSHEDIT=emacs, SESSION_MANAGER=local/linux-vnf4.site:@/tmp/.ICE-unix/1690,unix/linux-vnf4.site:/tmp/.ICE-unix/1690, ALSA_CONFIG_PATH=/etc/alsa-pulse.conf, PWD=/home/pablo, LANGUAGE=, KDE_SESSION_VERSION=4, LESSOPEN=lessopen.sh %s, PAGER=less, HOSTTYPE=x86_64, GTK_MODULES=canberra-gtk-module, SHLVL=1, QT_PLUGIN_PATH=/home/pablo/.kde4/lib64/kde4/plugins/:/usr/lib64/kde4/plugins/, OXYGEN_DISABLE_INNER_SHADOWS_HACK=1, JAVA_ROOT=/usr/java/latest, HISTSIZE=1000, SDL_AUDIODRIVER=pulse, JAVA_HOME=/usr/java/latest, KDE_SESSION_UID=1000, TERM=xterm, XDG_CONFIG_DIRS=/etc/xdg, XDG_SESSION_ID=1, G_BROKEN_FILENAMES=1, XNLSPATH=/usr/share/X11/nls, GTK_RC_FILES=/etc/gtk/gtkrc:/home/pablo/.gtkrc:/home/pablo/.kde4/share/config/gtkrc, _=/usr/lib64/kde4/libexec/start_kdeinit_wrapper, SDK_HOME=/usr/java/latest, PROFILEREAD=true, CVS_RSH=ssh, LIBOVERLAY_SCROLLBAR=0, GDK_CORE_DEVICE_EVENTS=1, DESKTOP_SESSION=default, GTK2_RC_FILES=/etc/gtk-2.0/gtkrc:/home/pablo/.gtkrc-2.0:/home/pablo/.kde4/share/config/gtkrc-2.0, MORE=-sl, GS_LIB=/home/pablo/.fonts, NLSPATH=/usr/dt/lib/nls/msg/%L/%N.cat, XDG_DATA_DIRS=/usr/share:/usr/share, GTK_IM_MODULE=cedilla, CPU=x86_64, HOST=linux-vnf4.site, XDG_CURRENT_DESKTOP=KDE, XSESSION_IS_UP=yes, G_FILENAME_ENCODING=@locale,UTF-8,ISO-8859-15,CP1252, MAIL=/var/spool/mail/pablo, MINICOM=-c on, OSTYPE=linux, LOGNAME=pablo, JDK_HOME=/usr/java/latest, XCURSOR_THEME=Oxygen_White, SHELL=/bin/bash, BASH_FUNC_mc%%=() {  . /usr/share/mc/mc-wrapper.sh
}, DM_CONTROL=/var/run/xdmctl, KDE_MULTIHEAD=false, KDE_FULL_SESSION=true, TMPDIR=/tmp, SSH_ASKPASS=/usr/lib/ssh/ksshaskpass, GDK_SCALE=1, LESS=-M -I -R, LESSCLOSE=lessclose.sh %s %s, QEMU_AUDIO_DRV=pa, MANPATH=/usr/share/man, QT_IM_MODULE=xim, JAVA_BINDIR=/usr/java/latest/bin, XFILESEARCHPATH=/usr/dt/app-defaults/%L/Dt, AUDIODRIVER=pulseaudio, LANG=es_ES.UTF-8, DISPLAY=:0, VDPAU_DRIVER=va_gl, PYTHONSTARTUP=/etc/pythonstart, LESSKEY=/etc/lesskey.bin, QT_IM_SWITCHER=imsw-multi, NNTPSERVER=news, FROM_HEADER=, GPG_AGENT_INFO=/tmp/gpg-8NbUCG/S.gpg-agent:1515:1, GPG_TTY=no es un `tty', USER=pablo, WINDOWPATH=7, XDG_SEAT=seat0, SSH_AUTH_SOCK=/tmp/ssh-9P9vYdnO73uK/agent.1385, HOSTNAME=linux-vnf4.site, XDM_MANAGED=method=classic, XKEYSYMDB=/usr/X11R6/lib/X11/XKeysymDB, LESS_ADVANCED_PREPROCESSOR=no, XDG_RUNTIME_DIR=/run/user/1000, XDG_VTNR=7, HOME=/home/pablo}}]
23:05:54.981 [Test worker] DEBUG org.springframework.core.io.support.PathMatchingResourcePatternResolver - Resolved classpath location [com/co/developer/parqueaderoREST/] to resources [URL [file:/home/pablo/DESARROLLO/aplicaciones_java/workspace/parqueaderoRESTAngular2/backEnd/parqueaderoREST/build/classes/test/com/co/developer/parqueaderoREST/], URL [file:/home/pablo/DESARROLLO/aplicaciones_java/workspace/parqueaderoRESTAngular2/backEnd/parqueaderoREST/build/classes/main/com/co/developer/parqueaderoREST/]]
23:05:54.982 [Test worker] DEBUG org.springframework.core.io.support.PathMatchingResourcePatternResolver - Looking for matching resources in directory tree [/home/pablo/DESARROLLO/aplicaciones_java/workspace/parqueaderoRESTAngular2/backEnd/parqueaderoREST/build/classes/test/com/co/developer/parqueaderoREST]
23:05:54.983 [Test worker] DEBUG org.springframework.core.io.support.PathMatchingResourcePatternResolver - Searching directory [/home/pablo/DESARROLLO/aplicaciones_java/workspace/parqueaderoRESTAngular2/backEnd/parqueaderoREST/build/classes/test/com/co/developer/parqueaderoREST] for files matching pattern [/home/pablo/DESARROLLO/aplicaciones_java/workspace/parqueaderoRESTAngular2/backEnd/parqueaderoREST/build/classes/test/com/co/developer/parqueaderoREST/*.class]
23:05:54.991 [Test worker] DEBUG org.springframework.core.io.support.PathMatchingResourcePatternResolver - Looking for matching resources in directory tree [/home/pablo/DESARROLLO/aplicaciones_java/workspace/parqueaderoRESTAngular2/backEnd/parqueaderoREST/build/classes/main/com/co/developer/parqueaderoREST]
23:05:54.992 [Test worker] DEBUG org.springframework.core.io.support.PathMatchingResourcePatternResolver - Searching directory [/home/pablo/DESARROLLO/aplicaciones_java/workspace/parqueaderoRESTAngular2/backEnd/parqueaderoREST/build/classes/main/com/co/developer/parqueaderoREST] for files matching pattern [/home/pablo/DESARROLLO/aplicaciones_java/workspace/parqueaderoRESTAngular2/backEnd/parqueaderoREST/build/classes/main/com/co/developer/parqueaderoREST/*.class]
23:05:54.994 [Test worker] DEBUG org.springframework.core.io.support.PathMatchingResourcePatternResolver - Resolved location pattern [classpath*:com/co/developer/parqueaderoREST/*.class] to resources [file [/home/pablo/DESARROLLO/aplicaciones_java/workspace/parqueaderoRESTAngular2/backEnd/parqueaderoREST/build/classes/test/com/co/developer/parqueaderoREST/ParqueaderoRestApplicationTests.class], file [/home/pablo/DESARROLLO/aplicaciones_java/workspace/parqueaderoRESTAngular2/backEnd/parqueaderoREST/build/classes/main/com/co/developer/parqueaderoREST/ParqueaderoRestApplication.class]]
23:05:55.167 [Test worker] DEBUG org.springframework.context.annotation.ClassPathScanningCandidateComponentProvider - Identified candidate component class: file [/home/pablo/DESARROLLO/aplicaciones_java/workspace/parqueaderoRESTAngular2/backEnd/parqueaderoREST/build/classes/main/com/co/developer/parqueaderoREST/ParqueaderoRestApplication.class]
23:05:55.169 [Test worker] INFO org.springframework.boot.test.context.SpringBootTestContextBootstrapper - Found @SpringBootConfiguration com.co.developer.parqueaderoREST.ParqueaderoRestApplication for test class com.co.developer.parqueaderoREST.ParqueaderoRestApplicationTests
23:05:55.180 [Test worker] DEBUG org.springframework.boot.test.context.SpringBootTestContextBootstrapper - @TestExecutionListeners is not present for class [com.co.developer.parqueaderoREST.ParqueaderoRestApplicationTests]: using defaults.
23:05:55.188 [Test worker] INFO org.springframework.boot.test.context.SpringBootTestContextBootstrapper - Loaded default TestExecutionListener class names from location [META-INF/spring.factories]: [org.springframework.boot.test.mock.mockito.MockitoTestExecutionListener, org.springframework.boot.test.mock.mockito.ResetMocksTestExecutionListener, org.springframework.boot.test.autoconfigure.restdocs.RestDocsTestExecutionListener, org.springframework.boot.test.autoconfigure.web.client.MockRestServiceServerResetTestExecutionListener, org.springframework.boot.test.autoconfigure.web.servlet.MockMvcPrintOnlyOnFailureTestExecutionListener, org.springframework.boot.test.autoconfigure.web.servlet.WebDriverTestExecutionListener, org.springframework.test.context.web.ServletTestExecutionListener, org.springframework.test.context.support.DirtiesContextBeforeModesTestExecutionListener, org.springframework.test.context.support.DependencyInjectionTestExecutionListener, org.springframework.test.context.support.DirtiesContextTestExecutionListener, org.springframework.test.context.transaction.TransactionalTestExecutionListener, org.springframework.test.context.jdbc.SqlScriptsTestExecutionListener]
23:05:55.253 [Test worker] INFO org.springframework.boot.test.context.SpringBootTestContextBootstrapper - Using TestExecutionListeners: [org.springframework.test.context.web.ServletTestExecutionListener@38f076d2, org.springframework.test.context.support.DirtiesContextBeforeModesTestExecutionListener@40ba154e, org.springframework.boot.test.autoconfigure.SpringBootDependencyInjectionTestExecutionListener@224f3e72, org.springframework.test.context.support.DirtiesContextTestExecutionListener@4b9cb5cb, org.springframework.test.context.transaction.TransactionalTestExecutionListener@70611c8c, org.springframework.test.context.jdbc.SqlScriptsTestExecutionListener@606177ab, org.springframework.boot.test.autoconfigure.restdocs.RestDocsTestExecutionListener@3b06797b, org.springframework.boot.test.autoconfigure.web.client.MockRestServiceServerResetTestExecutionListener@159aa13d, org.springframework.boot.test.mock.mockito.ResetMocksTestExecutionListener@6de74a7e, org.springframework.boot.test.autoconfigure.web.servlet.WebDriverTestExecutionListener@6d0b446, org.springframework.boot.test.mock.mockito.MockitoTestExecutionListener@e15c846, org.springframework.boot.test.autoconfigure.web.servlet.MockMvcPrintOnlyOnFailureTestExecutionListener@4ec603f0]
23:05:55.260 [Test worker] DEBUG org.springframework.test.annotation.ProfileValueUtils - Retrieved @ProfileValueSourceConfiguration [null] for test class [com.co.developer.parqueaderoREST.ParqueaderoRestApplicationTests]
23:05:55.262 [Test worker] DEBUG org.springframework.test.annotation.ProfileValueUtils - Retrieved ProfileValueSource type [class org.springframework.test.annotation.SystemProfileValueSource] for class [com.co.developer.parqueaderoREST.ParqueaderoRestApplicationTests]
23:05:55.264 [Test worker] DEBUG org.springframework.test.annotation.ProfileValueUtils - Retrieved @ProfileValueSourceConfiguration [null] for test class [com.co.developer.parqueaderoREST.ParqueaderoRestApplicationTests]
23:05:55.265 [Test worker] DEBUG org.springframework.test.annotation.ProfileValueUtils - Retrieved ProfileValueSource type [class org.springframework.test.annotation.SystemProfileValueSource] for class [com.co.developer.parqueaderoREST.ParqueaderoRestApplicationTests]
23:05:55.278 [Test worker] DEBUG org.springframework.test.context.support.AbstractDirtiesContextTestExecutionListener - Before test class: context [DefaultTestContext@4f6b4e28 testClass = ParqueaderoRestApplicationTests, testInstance = [null], testMethod = [null], testException = [null], mergedContextConfiguration = [WebMergedContextConfiguration@6fa2097c testClass = ParqueaderoRestApplicationTests, locations = '{}', classes = '{class com.co.developer.parqueaderoREST.ParqueaderoRestApplication}', contextInitializerClasses = '[]', activeProfiles = '{}', propertySourceLocations = '{}', propertySourceProperties = '{org.springframework.boot.test.context.SpringBootTestContextBootstrapper=true}', contextCustomizers = set[org.springframework.boot.test.context.SpringBootTestContextCustomizer@53556d21, org.springframework.boot.test.context.filter.ExcludeFilterContextCustomizer@7c929574, org.springframework.boot.test.json.DuplicateJsonObjectContextCustomizerFactory$DuplicateJsonObjectContextCustomizer@1b50044d, org.springframework.boot.test.mock.mockito.MockitoContextCustomizer@0, org.springframework.boot.test.autoconfigure.properties.PropertyMappingContextCustomizer@0, org.springframework.boot.test.autoconfigure.web.servlet.WebDriverContextCustomizerFactory$Customizer@58c66dc6], resourceBasePath = 'src/main/webapp', contextLoader = 'org.springframework.boot.test.context.SpringBootContextLoader', parent = [null]]], class annotated with @DirtiesContext [false] with mode [null].
23:05:55.281 [Test worker] DEBUG org.springframework.test.annotation.ProfileValueUtils - Retrieved @ProfileValueSourceConfiguration [null] for test class [com.co.developer.parqueaderoREST.ParqueaderoRestApplicationTests]
23:05:55.284 [Test worker] DEBUG org.springframework.test.annotation.ProfileValueUtils - Retrieved ProfileValueSource type [class org.springframework.test.annotation.SystemProfileValueSource] for class [com.co.developer.parqueaderoREST.ParqueaderoRestApplicationTests]
23:05:55.452 [Test worker] DEBUG org.springframework.core.env.StandardEnvironment - Adding PropertySource 'systemProperties' with lowest search precedence
23:05:55.452 [Test worker] DEBUG org.springframework.core.env.StandardEnvironment - Adding PropertySource 'systemEnvironment' with lowest search precedence
23:05:55.453 [Test worker] DEBUG org.springframework.core.env.StandardEnvironment - Initialized StandardEnvironment with PropertySources [MapPropertySource@745753351 {name='systemProperties', properties={java.runtime.name=Java(TM) SE Runtime Environment, sun.boot.library.path=/usr/java/jdk1.8.0_131/jre/lib/amd64, java.vm.version=25.131-b11, java.vm.vendor=Oracle Corporation, java.vendor.url=http://java.oracle.com/, path.separator=:, java.vm.name=Java HotSpot(TM) 64-Bit Server VM, file.encoding.pkg=sun.io, sun.java.launcher=SUN_STANDARD, user.country=ES, sun.os.patch.level=unknown, java.vm.specification.name=Java Virtual Machine Specification, user.dir=/home/pablo/DESARROLLO/aplicaciones_java/workspace/parqueaderoRESTAngular2/backEnd/parqueaderoREST, java.runtime.version=1.8.0_131-b11, java.awt.graphicsenv=sun.awt.X11GraphicsEnvironment, java.endorsed.dirs=/usr/java/jdk1.8.0_131/jre/lib/endorsed, os.arch=amd64, java.io.tmpdir=/tmp, line.separator=
, java.vm.specification.vendor=Oracle Corporation, user.variant=, os.name=Linux, sun.jnu.encoding=UTF-8, java.library.path=/usr/java/packages/lib/amd64:/usr/lib64:/lib64:/lib:/usr/lib, java.specification.name=Java Platform API Specification, java.class.version=52.0, sun.management.compiler=HotSpot 64-Bit Tiered Compilers, os.version=3.16.7-35-desktop, user.home=/home/pablo, user.timezone=America/Bogota, java.awt.printerjob=sun.print.PSPrinterJob, file.encoding=UTF-8, java.specification.version=1.8, java.class.path=/home/pablo/DESARROLLO/aplicaciones_java/workspace/parqueaderoRESTAngular2/backEnd/parqueaderoREST/build/classes/test:/home/pablo/DESARROLLO/aplicaciones_java/workspace/parqueaderoRESTAngular2/backEnd/parqueaderoREST/build/resources/test:/home/pablo/DESARROLLO/aplicaciones_java/workspace/parqueaderoRESTAngular2/backEnd/parqueaderoREST/build/classes/main:/home/pablo/DESARROLLO/aplicaciones_java/workspace/parqueaderoRESTAngular2/backEnd/parqueaderoREST/build/resources/main:/home/pablo/.gradle/caches/modules-2/files-2.1/org.springframework.boot/spring-boot-starter-data-jpa/1.5.7.RELEASE/ccdf14487724b7c1343e5d2605f7170c026e405/spring-boot-starter-data-jpa-1.5.7.RELEASE.jar:/home/pablo/.gradle/caches/modules-2/files-2.1/org.springframework.boot/spring-boot-starter-web/1.5.7.RELEASE/a862305be8b7512a41f6768d825ed37251ccbbe0/spring-boot-starter-web-1.5.7.RELEASE.jar:/home/pablo/.gradle/caches/modules-2/files-2.1/mysql/mysql-connector-java/5.1.44/61b6b998192c85bb581c6be90e03dcd4b9079db4/mysql-connector-java-5.1.44.jar:/home/pablo/.gradle/caches/modules-2/files-2.1/org.springframework.boot/spring-boot-starter-test/1.5.7.RELEASE/d23f37a72c2d4e46aba66bc69a649213f9cadeee/spring-boot-starter-test-1.5.7.RELEASE.jar:/home/pablo/.gradle/caches/modules-2/files-2.1/org.springframework.boot/spring-boot-starter/1.5.7.RELEASE/b42fe6962dd8b3be4ac8c1d7134d0ca2d0a35c7e/spring-boot-starter-1.5.7.RELEASE.jar:/home/pablo/.gradle/caches/modules-2/files-2.1/org.springframework.boot/spring-boot-starter-aop/1.5.7.RELEASE/189098a72ccc0cca07ea42d6715c10524b5a93d1/spring-boot-starter-aop-1.5.7.RELEASE.jar:/home/pablo/.gradle/caches/modules-2/files-2.1/org.springframework.boot/spring-boot-starter-jdbc/1.5.7.RELEASE/98c652a5461ccbec70b55fd0f7815d9c9a37a082/spring-boot-starter-jdbc-1.5.7.RELEASE.jar:/home/pablo/.gradle/caches/modules-2/files-2.1/org.hibernate/hibernate-core/5.0.12.Final/e58bf1c660e6706d8e2cbb53bae110f574366102/hibernate-core-5.0.12.Final.jar:/home/pablo/.gradle/caches/modules-2/files-2.1/org.hibernate/hibernate-entitymanager/5.0.12.Final/302a526f5058290e9cbd719a5caf9f248d344719/hibernate-entitymanager-5.0.12.Final.jar:/home/pablo/.gradle/caches/modules-2/files-2.1/javax.transaction/javax.transaction-api/1.2/d81aff979d603edd90dcd8db2abc1f4ce6479e3e/javax.transaction-api-1.2.jar:/home/pablo/.gradle/caches/modules-2/files-2.1/org.springframework.data/spring-data-jpa/1.11.7.RELEASE/587051cc7d7a3ddfac6098d623a658abb2f15865/spring-data-jpa-1.11.7.RELEASE.jar:/home/pablo/.gradle/caches/modules-2/files-2.1/org.springframework/spring-aspects/4.3.11.RELEASE/38ab744d37aef58762a03dbe7ab1479070ebadc6/spring-aspects-4.3.11.RELEASE.jar:/home/pablo/.gradle/caches/modules-2/files-2.1/org.springframework.boot/spring-boot-starter-tomcat/1.5.7.RELEASE/eae533e2a0111a51d812912acb3d3e2368736d1b/spring-boot-starter-tomcat-1.5.7.RELEASE.jar:/home/pablo/.gradle/caches/modules-2/files-2.1/org.hibernate/hibernate-validator/5.3.5.Final/622a9bcef2eed6d41b5b8e0662c36212009e375/hibernate-validator-5.3.5.Final.jar:/home/pablo/.gradle/caches/modules-2/files-2.1/com.fasterxml.jackson.core/jackson-databind/2.8.10/f7b83cb2bc4b88d53961e749e1ad32f49ef017b7/jackson-databind-2.8.10.jar:/home/pablo/.gradle/caches/modules-2/files-2.1/org.springframework/spring-web/4.3.11.RELEASE/50a3dfce550bdf9459dfb2c6282aa104b040258e/spring-web-4.3.11.RELEASE.jar:/home/pablo/.gradle/caches/modules-2/files-2.1/org.springframework/spring-webmvc/4.3.11.RELEASE/814f91ec4dc324e724bbe7cbc5045b234604c539/spring-webmvc-4.3.11.RELEASE.jar:/home/pablo/.gradle/caches/modules-2/files-2.1/org.springframework.boot/spring-boot-test/1.5.7.RELEASE/b8d77445d48f4320f404d8f13f4e5cb95bc36b30/spring-boot-test-1.5.7.RELEASE.jar:/home/pablo/.gradle/caches/modules-2/files-2.1/org.springframework.boot/spring-boot-test-autoconfigure/1.5.7.RELEASE/8bead16b97c9f1b5fe7c47f3e030dd9351a6974d/spring-boot-test-autoconfigure-1.5.7.RELEASE.jar:/home/pablo/.gradle/caches/modules-2/files-2.1/com.jayway.jsonpath/json-path/2.2.0/22290d17944bd239fabf5ac69005a60a7ecbbbcb/json-path-2.2.0.jar:/home/pablo/.gradle/caches/modules-2/files-2.1/junit/junit/4.12/2973d150c0dc1fefe998f834810d68f278ea58ec/junit-4.12.jar:/home/pablo/.gradle/caches/modules-2/files-2.1/org.assertj/assertj-core/2.6.0/b532c3fc4f66bcfee4989a3514f1cd56203a33ad/assertj-core-2.6.0.jar:/home/pablo/.gradle/caches/modules-2/files-2.1/org.mockito/mockito-core/1.10.19/e8546f5bef4e061d8dd73895b4e8f40e3fe6effe/mockito-core-1.10.19.jar:/home/pablo/.gradle/caches/modules-2/files-2.1/org.hamcrest/hamcrest-core/1.3/42a25dc3219429f0e5d060061f71acb49bf010a0/hamcrest-core-1.3.jar:/home/pablo/.gradle/caches/modules-2/files-2.1/org.hamcrest/hamcrest-library/1.3/4785a3c21320980282f9f33d0d1264a69040538f/hamcrest-library-1.3.jar:/home/pablo/.gradle/caches/modules-2/files-2.1/org.skyscreamer/jsonassert/1.4.0/9cdbb373a06f6513e51e8c545ee6a5e981463edb/jsonassert-1.4.0.jar:/home/pablo/.gradle/caches/modules-2/files-2.1/org.springframework/spring-core/4.3.11.RELEASE/eb30ed093f628279d3aead068fd478fa343f1dad/spring-core-4.3.11.RELEASE.jar:/home/pablo/.gradle/caches/modules-2/files-2.1/org.springframework/spring-test/4.3.11.RELEASE/cf765b5d6d6bdc38c67522ecae3fe9549da43e1/spring-test-4.3.11.RELEASE.jar:/home/pablo/.gradle/caches/modules-2/files-2.1/org.springframework.boot/spring-boot/1.5.7.RELEASE/1006870df7b3dc203df7ce84463c5dd7049fdaa4/spring-boot-1.5.7.RELEASE.jar:/home/pablo/.gradle/caches/modules-2/files-2.1/org.springframework.boot/spring-boot-autoconfigure/1.5.7.RELEASE/e83f1407ff991e9e7eb156f49fa19d868bb73289/spring-boot-autoconfigure-1.5.7.RELEASE.jar:/home/pablo/.gradle/caches/modules-2/files-2.1/org.springframework.boot/spring-boot-starter-logging/1.5.7.RELEASE/c84c4ea09d7f789a0d5e936a961471e5dbd9295e/spring-boot-starter-logging-1.5.7.RELEASE.jar:/home/pablo/.gradle/caches/modules-2/files-2.1/org.yaml/snakeyaml/1.17/7a27ea250c5130b2922b86dea63cbb1cc10a660c/snakeyaml-1.17.jar:/home/pablo/.gradle/caches/modules-2/files-2.1/org.springframework/spring-aop/4.3.11.RELEASE/461d0bb58f1de30203d9331adf4b51de9554de5a/spring-aop-4.3.11.RELEASE.jar:/home/pablo/.gradle/caches/modules-2/files-2.1/org.aspectj/aspectjweaver/1.8.10/e198c5fee28988c355f74e06461614eae36b2032/aspectjweaver-1.8.10.jar:/home/pablo/.gradle/caches/modules-2/files-2.1/org.apache.tomcat/tomcat-jdbc/8.5.20/10d0d288d837ddfc92096920e4571054a3934160/tomcat-jdbc-8.5.20.jar:/home/pablo/.gradle/caches/modules-2/files-2.1/org.springframework/spring-jdbc/4.3.11.RELEASE/642ed7497d327f299caccb930af6b65e229864c4/spring-jdbc-4.3.11.RELEASE.jar:/home/pablo/.gradle/caches/modules-2/files-2.1/org.jboss.logging/jboss-logging/3.3.1.Final/c46217ab74b532568c0ed31dc599db3048bd1b67/jboss-logging-3.3.1.Final.jar:/home/pablo/.gradle/caches/modules-2/files-2.1/org.hibernate.javax.persistence/hibernate-jpa-2.1-api/1.0.0.Final/5e731d961297e5a07290bfaf3db1fbc8bbbf405a/hibernate-jpa-2.1-api-1.0.0.Final.jar:/home/pablo/.gradle/caches/modules-2/files-2.1/org.javassist/javassist/3.21.0-GA/598244f595db5c5fb713731eddbb1c91a58d959b/javassist-3.21.0-GA.jar:/home/pablo/.gradle/caches/modules-2/files-2.1/antlr/antlr/2.7.7/83cd2cd674a217ade95a4bb83a8a14f351f48bd0/antlr-2.7.7.jar:/home/pablo/.gradle/caches/modules-2/files-2.1/org.jboss/jandex/2.0.0.Final/3e899258936f94649c777193e1be846387ed54b3/jandex-2.0.0.Final.jar:/home/pablo/.gradle/caches/modules-2/files-2.1/dom4j/dom4j/1.6.1/5d3ccc056b6f056dbf0dddfdf43894b9065a8f94/dom4j-1.6.1.jar:/home/pablo/.gradle/caches/modules-2/files-2.1/org.hibernate.common/hibernate-commons-annotations/5.0.1.Final/71e1cff3fcb20d3b3af4f3363c3ddb24d33c6879/hibernate-commons-annotations-5.0.1.Final.jar:/home/pablo/.gradle/caches/modules-2/files-2.1/org.springframework.data/spring-data-commons/1.13.7.RELEASE/cf4538abda1f0a9cf2323d6e4204df0130aeec73/spring-data-commons-1.13.7.RELEASE.jar:/home/pablo/.gradle/caches/modules-2/files-2.1/org.springframework/spring-orm/4.3.11.RELEASE/7ba1b25ad62b29295aa90ae88f9f35e84861953c/spring-orm-4.3.11.RELEASE.jar:/home/pablo/.gradle/caches/modules-2/files-2.1/org.springframework/spring-context/4.3.11.RELEASE/3efec2d7c7469d49108a2b21c3f15831f7297569/spring-context-4.3.11.RELEASE.jar:/home/pablo/.gradle/caches/modules-2/files-2.1/org.springframework/spring-tx/4.3.11.RELEASE/c931ee363d2269f03edfeb83d7d7fe23924ab8a1/spring-tx-4.3.11.RELEASE.jar:/home/pablo/.gradle/caches/modules-2/files-2.1/org.springframework/spring-beans/4.3.11.RELEASE/591cc35fd39292adae13f01aa13e978d0bb11936/spring-beans-4.3.11.RELEASE.jar:/home/pablo/.gradle/caches/modules-2/files-2.1/org.slf4j/slf4j-api/1.7.25/da76ca59f6a57ee3102f8f9bd9cee742973efa8a/slf4j-api-1.7.25.jar:/home/pablo/.gradle/caches/modules-2/files-2.1/org.slf4j/jcl-over-slf4j/1.7.25/f8c32b13ff142a513eeb5b6330b1588dcb2c0461/jcl-over-slf4j-1.7.25.jar:/home/pablo/.gradle/caches/modules-2/files-2.1/org.apache.tomcat.embed/tomcat-embed-core/8.5.20/b9026ee20f1f6a2b0fc3e51dd806d800901448b0/tomcat-embed-core-8.5.20.jar:/home/pablo/.gradle/caches/modules-2/files-2.1/org.apache.tomcat.embed/tomcat-embed-el/8.5.20/42960f481a8a80f4ffd3b865c2232820e3565bf1/tomcat-embed-el-8.5.20.jar:/home/pablo/.gradle/caches/modules-2/files-2.1/org.apache.tomcat.embed/tomcat-embed-websocket/8.5.20/4df9055507926a2651f691cc9964c50493a0ab29/tomcat-embed-websocket-8.5.20.jar:/home/pablo/.gradle/caches/modules-2/files-2.1/javax.validation/validation-api/1.1.0.Final/8613ae82954779d518631e05daa73a6a954817d5/validation-api-1.1.0.Final.jar:/home/pablo/.gradle/caches/modules-2/files-2.1/com.fasterxml/classmate/1.3.4/3d5f48f10bbe4eb7bd862f10c0583be2e0053c6/classmate-1.3.4.jar:/home/pablo/.gradle/caches/modules-2/files-2.1/com.fasterxml.jackson.core/jackson-annotations/2.8.0/45b426f7796b741035581a176744d91090e2e6fb/jackson-annotations-2.8.0.jar:/home/pablo/.gradle/caches/modules-2/files-2.1/com.fasterxml.jackson.core/jackson-core/2.8.10/eb21a035c66ad307e66ec8fce37f5d50fd62d039/jackson-core-2.8.10.jar:/home/pablo/.gradle/caches/modules-2/files-2.1/org.springframework/spring-expression/4.3.11.RELEASE/fca662a2fccdad90ec22b2aaecb021047dcbe249/spring-expression-4.3.11.RELEASE.jar:/home/pablo/.gradle/caches/modules-2/files-2.1/net.minidev/json-smart/2.2.1/5b9e5df7a62d1279b70dc882b041d249c4f0b002/json-smart-2.2.1.jar:/home/pablo/.gradle/caches/modules-2/files-2.1/org.objenesis/objenesis/2.1/87c0ea803b69252868d09308b4618f766f135a96/objenesis-2.1.jar:/home/pablo/.gradle/caches/modules-2/files-2.1/com.vaadin.external.google/android-json/0.0.20131108.vaadin1/fa26d351fe62a6a17f5cda1287c1c6110dec413f/android-json-0.0.20131108.vaadin1.jar:/home/pablo/.gradle/caches/modules-2/files-2.1/ch.qos.logback/logback-classic/1.1.11/ccedfbacef4a6515d2983e3f89ed753d5d4fb665/logback-classic-1.1.11.jar:/home/pablo/.gradle/caches/modules-2/files-2.1/org.slf4j/jul-to-slf4j/1.7.25/af5364cd6679bfffb114f0dec8a157aaa283b76/jul-to-slf4j-1.7.25.jar:/home/pablo/.gradle/caches/modules-2/files-2.1/org.slf4j/log4j-over-slf4j/1.7.25/a87bb47468f47ee7aabbd54f93e133d4215769c3/log4j-over-slf4j-1.7.25.jar:/home/pablo/.gradle/caches/modules-2/files-2.1/org.apache.tomcat/tomcat-juli/8.5.20/6c0579d329696059f377585d2a51455bf083d9ee/tomcat-juli-8.5.20.jar:/home/pablo/.gradle/caches/modules-2/files-2.1/net.minidev/accessors-smart/1.1/a527213f2fea112a04c9bdf0ec0264e34104cd08/accessors-smart-1.1.jar:/home/pablo/.gradle/caches/modules-2/files-2.1/ch.qos.logback/logback-core/1.1.11/88b8df40340eed549fb07e2613879bf6b006704d/logback-core-1.1.11.jar:/home/pablo/.gradle/caches/modules-2/files-2.1/org.ow2.asm/asm/5.0.3/dcc2193db20e19e1feca8b1240dbbc4e190824fa/asm-5.0.3.jar, user.name=pablo, java.vm.specification.version=1.8, sun.java.command=worker.org.gradle.process.internal.worker.GradleWorkerMain 'Gradle Test Executor 1', java.home=/usr/java/jdk1.8.0_131/jre, sun.arch.data.model=64, user.language=es, java.specification.vendor=Oracle Corporation, awt.toolkit=sun.awt.X11.XToolkit, java.vm.info=mixed mode, java.version=1.8.0_131, java.ext.dirs=/usr/java/jdk1.8.0_131/jre/lib/ext:/usr/java/packages/lib/ext, sun.boot.class.path=/usr/java/jdk1.8.0_131/jre/lib/resources.jar:/usr/java/jdk1.8.0_131/jre/lib/rt.jar:/usr/java/jdk1.8.0_131/jre/lib/sunrsasign.jar:/usr/java/jdk1.8.0_131/jre/lib/jsse.jar:/usr/java/jdk1.8.0_131/jre/lib/jce.jar:/usr/java/jdk1.8.0_131/jre/lib/charsets.jar:/usr/java/jdk1.8.0_131/jre/lib/jfr.jar:/usr/java/jdk1.8.0_131/jre/classes, java.vendor=Oracle Corporation, org.gradle.test.worker=1, file.separator=/, java.vendor.url.bug=http://bugreport.sun.com/bugreport/, sun.io.unicode.encoding=UnicodeLittle, sun.cpu.endian=little, sun.cpu.isalist=}}, SystemEnvironmentPropertySource@1635878918 {name='systemEnvironment', properties={PATH=/home/pablo/bin:/usr/local/bin:/usr/bin:/bin:/usr/bin/X11:/usr/games, XMODIFIERS=@im=local, WINDOWMANAGER=/usr/bin/startkde, CONFIG_SITE=/usr/share/site/x86_64-unknown-linux-gnu, INPUTRC=/home/pablo/.inputrc, DBUS_SESSION_BUS_ADDRESS=unix:abstract=/tmp/dbus-RX1mqF8Fus,guid=91027c5b071a4ee64ea5541459d99cb2, MACHTYPE=x86_64-suse-linux, JRE_HOME=/usr/lib64/jvm/jre, SSH_AGENT_PID=1514, QT_SYSTEM_DIR=/usr/share/desktop-data, USE_FAM=, COLORTERM=1, XAUTHLOCALHOSTNAME=linux-vnf4.site, CSHEDIT=emacs, SESSION_MANAGER=local/linux-vnf4.site:@/tmp/.ICE-unix/1690,unix/linux-vnf4.site:/tmp/.ICE-unix/1690, ALSA_CONFIG_PATH=/etc/alsa-pulse.conf, PWD=/home/pablo, LANGUAGE=, KDE_SESSION_VERSION=4, LESSOPEN=lessopen.sh %s, PAGER=less, HOSTTYPE=x86_64, GTK_MODULES=canberra-gtk-module, SHLVL=1, QT_PLUGIN_PATH=/home/pablo/.kde4/lib64/kde4/plugins/:/usr/lib64/kde4/plugins/, OXYGEN_DISABLE_INNER_SHADOWS_HACK=1, JAVA_ROOT=/usr/java/latest, HISTSIZE=1000, SDL_AUDIODRIVER=pulse, JAVA_HOME=/usr/java/latest, KDE_SESSION_UID=1000, TERM=xterm, XDG_CONFIG_DIRS=/etc/xdg, XDG_SESSION_ID=1, G_BROKEN_FILENAMES=1, XNLSPATH=/usr/share/X11/nls, GTK_RC_FILES=/etc/gtk/gtkrc:/home/pablo/.gtkrc:/home/pablo/.kde4/share/config/gtkrc, _=/usr/lib64/kde4/libexec/start_kdeinit_wrapper, SDK_HOME=/usr/java/latest, PROFILEREAD=true, CVS_RSH=ssh, LIBOVERLAY_SCROLLBAR=0, GDK_CORE_DEVICE_EVENTS=1, DESKTOP_SESSION=default, GTK2_RC_FILES=/etc/gtk-2.0/gtkrc:/home/pablo/.gtkrc-2.0:/home/pablo/.kde4/share/config/gtkrc-2.0, MORE=-sl, GS_LIB=/home/pablo/.fonts, NLSPATH=/usr/dt/lib/nls/msg/%L/%N.cat, XDG_DATA_DIRS=/usr/share:/usr/share, GTK_IM_MODULE=cedilla, CPU=x86_64, HOST=linux-vnf4.site, XDG_CURRENT_DESKTOP=KDE, XSESSION_IS_UP=yes, G_FILENAME_ENCODING=@locale,UTF-8,ISO-8859-15,CP1252, MAIL=/var/spool/mail/pablo, MINICOM=-c on, OSTYPE=linux, LOGNAME=pablo, JDK_HOME=/usr/java/latest, XCURSOR_THEME=Oxygen_White, SHELL=/bin/bash, BASH_FUNC_mc%%=() {  . /usr/share/mc/mc-wrapper.sh
}, DM_CONTROL=/var/run/xdmctl, KDE_MULTIHEAD=false, KDE_FULL_SESSION=true, TMPDIR=/tmp, SSH_ASKPASS=/usr/lib/ssh/ksshaskpass, GDK_SCALE=1, LESS=-M -I -R, LESSCLOSE=lessclose.sh %s %s, QEMU_AUDIO_DRV=pa, MANPATH=/usr/share/man, QT_IM_MODULE=xim, JAVA_BINDIR=/usr/java/latest/bin, XFILESEARCHPATH=/usr/dt/app-defaults/%L/Dt, AUDIODRIVER=pulseaudio, LANG=es_ES.UTF-8, DISPLAY=:0, VDPAU_DRIVER=va_gl, PYTHONSTARTUP=/etc/pythonstart, LESSKEY=/etc/lesskey.bin, QT_IM_SWITCHER=imsw-multi, NNTPSERVER=news, FROM_HEADER=, GPG_AGENT_INFO=/tmp/gpg-8NbUCG/S.gpg-agent:1515:1, GPG_TTY=no es un `tty', USER=pablo, WINDOWPATH=7, XDG_SEAT=seat0, SSH_AUTH_SOCK=/tmp/ssh-9P9vYdnO73uK/agent.1385, HOSTNAME=linux-vnf4.site, XDM_MANAGED=method=classic, XKEYSYMDB=/usr/X11R6/lib/X11/XKeysymDB, LESS_ADVANCED_PREPROCESSOR=no, XDG_RUNTIME_DIR=/run/user/1000, XDG_VTNR=7, HOME=/home/pablo}}]
23:05:55.457 [Test worker] DEBUG org.springframework.core.env.MutablePropertySources - Adding PropertySource 'inline' with highest search precedence
23:05:55.472 [Test worker] DEBUG org.springframework.test.context.support.TestPropertySourceUtils - Adding inlined properties to environment: {spring.jmx.enabled=false, org.springframework.boot.test.context.SpringBootTestContextBootstrapper=true, server.port=-1}
23:05:55.473 [Test worker] DEBUG org.springframework.core.env.StandardEnvironment - Adding PropertySource 'Inlined Test Properties' with highest search precedence

  .   ____          _            __ _ _
 /\\ / ___'_ __ _ _(_)_ __  __ _ \ \ \ \
( ( )\___ | '_ | '_| | '_ \/ _` | \ \ \ \
 \\/  ___)| |_)| | | | | || (_| |  ) ) ) )
  '  |____| .__|_| |_|_| |_\__, | / / / /
 =========|_|==============|___/=/_/_/_/
 :: Spring Boot ::        (v1.5.7.RELEASE)

2017-10-07 23:05:56.436  INFO 8827 --- [    Test worker] c.c.d.p.ParqueaderoRestApplicationTests  : Starting ParqueaderoRestApplicationTests on linux-vnf4.site with PID 8827 (started by pablo in /home/pablo/DESARROLLO/aplicaciones_java/workspace/parqueaderoRESTAngular2/backEnd/parqueaderoREST)
2017-10-07 23:05:56.465  INFO 8827 --- [    Test worker] c.c.d.p.ParqueaderoRestApplicationTests  : No active profile set, falling back to default profiles: default
2017-10-07 23:05:56.600  INFO 8827 --- [    Test worker] o.s.w.c.s.GenericWebApplicationContext   : Refreshing org.springframework.web.context.support.GenericWebApplicationContext@6ae72fe: startup date [Sat Oct 07 23:05:56 COT 2017]; root of context hierarchy
2017-10-07 23:06:02.468  INFO 8827 --- [    Test worker] j.LocalContainerEntityManagerFactoryBean : Building JPA container EntityManagerFactory for persistence unit 'default'
2017-10-07 23:06:02.536  INFO 8827 --- [    Test worker] o.hibernate.jpa.internal.util.LogHelper  : HHH000204: Processing PersistenceUnitInfo [
	name: default
	...]
2017-10-07 23:06:02.838  INFO 8827 --- [    Test worker] org.hibernate.Version                    : HHH000412: Hibernate Core {5.0.12.Final}
2017-10-07 23:06:02.844  INFO 8827 --- [    Test worker] org.hibernate.cfg.Environment            : HHH000206: hibernate.properties not found
2017-10-07 23:06:02.848  INFO 8827 --- [    Test worker] org.hibernate.cfg.Environment            : HHH000021: Bytecode provider name : javassist
2017-10-07 23:06:03.016  INFO 8827 --- [    Test worker] o.hibernate.annotations.common.Version   : HCANN000001: Hibernate Commons Annotations {5.0.1.Final}
2017-10-07 23:06:03.499  INFO 8827 --- [    Test worker] org.hibernate.dialect.Dialect            : HHH000400: Using dialect: org.hibernate.dialect.MySQL5Dialect
2017-10-07 23:06:04.920  INFO 8827 --- [    Test worker] o.h.tool.hbm2ddl.SchemaValidator         : HHH000229: Running schema validator
2017-10-07 23:06:05.242  INFO 8827 --- [    Test worker] j.LocalContainerEntityManagerFactoryBean : Initialized JPA EntityManagerFactory for persistence unit 'default'
2017-10-07 23:06:06.593  INFO 8827 --- [    Test worker] s.w.s.m.m.a.RequestMappingHandlerAdapter : Looking for @ControllerAdvice: org.springframework.web.context.support.GenericWebApplicationContext@6ae72fe: startup date [Sat Oct 07 23:05:56 COT 2017]; root of context hierarchy
2017-10-07 23:06:06.808  INFO 8827 --- [    Test worker] s.w.s.m.m.a.RequestMappingHandlerMapping : Mapped "{[/parqueadero/usuario/listado],methods=[GET],produces=[application/json]}" onto public org.springframework.http.ResponseEntity<java.util.List<com.co.developer.parqueaderoREST.model.Usuario>> com.co.developer.parqueaderoREST.controller.UsuarioController.obtenerListadoUsuarios()
2017-10-07 23:06:06.812  INFO 8827 --- [    Test worker] s.w.s.m.m.a.RequestMappingHandlerMapping : Mapped "{[/parqueadero/usuario/buscarPorId/{id}],methods=[GET],produces=[application/json]}" onto public org.springframework.http.ResponseEntity<com.co.developer.parqueaderoREST.model.Usuario> com.co.developer.parqueaderoREST.controller.UsuarioController.buscarUsuarioPorId(int)
2017-10-07 23:06:06.827  INFO 8827 --- [    Test worker] s.w.s.m.m.a.RequestMappingHandlerMapping : Mapped "{[/error],produces=[text/html]}" onto public org.springframework.web.servlet.ModelAndView org.springframework.boot.autoconfigure.web.BasicErrorController.errorHtml(javax.servlet.http.HttpServletRequest,javax.servlet.http.HttpServletResponse)
2017-10-07 23:06:06.828  INFO 8827 --- [    Test worker] s.w.s.m.m.a.RequestMappingHandlerMapping : Mapped "{[/error]}" onto public org.springframework.http.ResponseEntity<java.util.Map<java.lang.String, java.lang.Object>> org.springframework.boot.autoconfigure.web.BasicErrorController.error(javax.servlet.http.HttpServletRequest)
2017-10-07 23:06:06.919  INFO 8827 --- [    Test worker] o.s.w.s.handler.SimpleUrlHandlerMapping  : Mapped URL path [/webjars/**] onto handler of type [class org.springframework.web.servlet.resource.ResourceHttpRequestHandler]
2017-10-07 23:06:06.920  INFO 8827 --- [    Test worker] o.s.w.s.handler.SimpleUrlHandlerMapping  : Mapped URL path [/**] onto handler of type [class org.springframework.web.servlet.resource.ResourceHttpRequestHandler]
2017-10-07 23:06:07.029  INFO 8827 --- [    Test worker] o.s.w.s.handler.SimpleUrlHandlerMapping  : Mapped URL path [/**/favicon.ico] onto handler of type [class org.springframework.web.servlet.resource.ResourceHttpRequestHandler]
2017-10-07 23:06:07.679  INFO 8827 --- [    Test worker] c.c.d.p.ParqueaderoRestApplicationTests  : Started ParqueaderoRestApplicationTests in 12.182 seconds (JVM running for 14.509)
]]></system-out>
  <system-err><![CDATA[]]></system-err>
</testsuite>
